<?xml version="1.0" encoding="UTF-8"?>
<testng-results skipped="0" failed="0" ignored="0" total="1" passed="1">
  <reporter-output>
  </reporter-output>
  <suite name="Suite" duration-ms="28289" started-at="2020-08-07T00:57:55Z" finished-at="2020-08-07T00:58:23Z">
    <groups>
      <group name="cucumber">
        <method signature="AbstractTestNGCucumberTests.runScenario(cucumber.api.testng.PickleEventWrapper, cucumber.api.testng.CucumberFeatureWrapper)[pri:0, instance:com.runner.TestRunner@7b227d8d]" name="runScenario" class="cucumber.api.testng.AbstractTestNGCucumberTests"/>
      </group> <!-- cucumber -->
    </groups>
    <test name="Test" duration-ms="28289" started-at="2020-08-07T00:57:55Z" finished-at="2020-08-07T00:58:23Z">
      <class name="com.runner.TestRunner">
        <test-method status="PASS" signature="setUpClass()[pri:0, instance:com.runner.TestRunner@7b227d8d]" name="setUpClass" is-config="true" duration-ms="289" started-at="2020-08-07T00:57:55Z" finished-at="2020-08-07T00:57:55Z">
          <reporter-output>
          </reporter-output>
        </test-method> <!-- setUpClass -->
        <test-method status="PASS" signature="runScenario(cucumber.api.testng.PickleEventWrapper, cucumber.api.testng.CucumberFeatureWrapper)[pri:0, instance:com.runner.TestRunner@7b227d8d]" name="runScenario" duration-ms="27886" started-at="2020-08-07T00:57:55Z" description="Runs Cucumber Scenarios" data-provider="scenarios" finished-at="2020-08-07T00:58:23Z">
          <params>
            <param index="0">
              <value>
                <![CDATA["zoopla.com Login Test Scenario"]]>
              </value>
            </param>
            <param index="1">
              <value>
                <![CDATA["zoopla.com Login Feature"]]>
              </value>
            </param>
          </params>
          <reporter-output>
          </reporter-output>
        </test-method> <!-- runScenario -->
        <test-method status="PASS" signature="tearDownClass()[pri:0, instance:com.runner.TestRunner@7b227d8d]" name="tearDownClass" is-config="true" duration-ms="41" started-at="2020-08-07T00:58:23Z" finished-at="2020-08-07T00:58:23Z">
          <reporter-output>
          </reporter-output>
        </test-method> <!-- tearDownClass -->
      </class> <!-- com.runner.TestRunner -->
    </test> <!-- Test -->
  </suite> <!-- Suite -->
</testng-results>
